0 info it worked if it ends with ok
1 verbose cli [ '/home/ubuntu/.nvm/versions/node/v4.1.1/bin/node',
1 verbose cli   '/home/ubuntu/.nvm/versions/node/v4.1.1/bin/npm',
1 verbose cli   'install',
1 verbose cli   '--save',
1 verbose cli   'socket.io' ]
2 info using npm@3.3.9
3 info using node@v4.1.1
4 silly loadCurrentTree Starting
5 silly install loadCurrentTree
6 silly install readLocalPackageData
7 silly fetchPackageMetaData socket.io
8 silly fetchNamedPackageData socket.io
9 silly mapToRegistry name socket.io
10 silly mapToRegistry using default registry
11 silly mapToRegistry registry http://localhost:15443/
12 silly mapToRegistry uri http://localhost:15443/socket.io
13 verbose request uri http://localhost:15443/socket.io
14 verbose request no auth needed
15 info attempt registry request try #1 at 4:13:48 AM
16 verbose request id e43928ee850448a0
17 http request GET http://localhost:15443/socket.io
18 info retry will retry, error on last attempt: Error: connect ECONNREFUSED 127.0.0.1:15443
19 info attempt registry request try #2 at 4:13:58 AM
20 http request GET http://localhost:15443/socket.io
21 info retry will retry, error on last attempt: Error: connect ECONNREFUSED 127.0.0.1:15443
22 info attempt registry request try #3 at 4:14:58 AM
23 http request GET http://localhost:15443/socket.io
24 silly fetchPackageMetaData Error: connect ECONNREFUSED 127.0.0.1:15443
24 silly fetchPackageMetaData     at Object.exports._errnoException (util.js:837:11)
24 silly fetchPackageMetaData     at exports._exceptionWithHostPort (util.js:860:20)
24 silly fetchPackageMetaData     at TCPConnectWrap.afterConnect [as oncomplete] (net.js:1060:14)
24 silly fetchPackageMetaData  error for socket.io { [Error: connect ECONNREFUSED 127.0.0.1:15443]
24 silly fetchPackageMetaData   code: 'ECONNREFUSED',
24 silly fetchPackageMetaData   errno: 'ECONNREFUSED',
24 silly fetchPackageMetaData   syscall: 'connect',
24 silly fetchPackageMetaData   address: '127.0.0.1',
24 silly fetchPackageMetaData   port: 15443 }
25 silly rollbackFailedOptional Starting
26 silly rollbackFailedOptional Finishing
27 silly runTopLevelLifecycles Starting
28 silly runTopLevelLifecycles Finishing
29 silly install printInstalled
30 verbose stack Error: connect ECONNREFUSED 127.0.0.1:15443
30 verbose stack     at Object.exports._errnoException (util.js:837:11)
30 verbose stack     at exports._exceptionWithHostPort (util.js:860:20)
30 verbose stack     at TCPConnectWrap.afterConnect [as oncomplete] (net.js:1060:14)
31 verbose cwd /home/ubuntu/workspace/workingDirectory/chat
32 error Linux 4.2.0-c9
33 error argv "/home/ubuntu/.nvm/versions/node/v4.1.1/bin/node" "/home/ubuntu/.nvm/versions/node/v4.1.1/bin/npm" "install" "--save" "socket.io"
34 error node v4.1.1
35 error npm  v3.3.9
36 error code ECONNREFUSED
37 error errno ECONNREFUSED
38 error syscall connect
39 error Error: connect ECONNREFUSED 127.0.0.1:15443
39 error     at Object.exports._errnoException (util.js:837:11)
39 error     at exports._exceptionWithHostPort (util.js:860:20)
39 error     at TCPConnectWrap.afterConnect [as oncomplete] (net.js:1060:14)
39 error  { [Error: connect ECONNREFUSED 127.0.0.1:15443]
39 error   code: 'ECONNREFUSED',
39 error   errno: 'ECONNREFUSED',
39 error   syscall: 'connect',
39 error   address: '127.0.0.1',
39 error   port: 15443 }
40 error If you are behind a proxy, please make sure that the
40 error 'proxy' config is set properly.  See: 'npm help config'
41 verbose exit [ 1, true ]
